<?xml version="1.0" encoding="UTF-8"?>
<testng-results ignored="0" total="1" passed="1" failed="0" skipped="0">
  <reporter-output>
  </reporter-output>
  <suite started-at="2025-03-29T09:10:58 IST" name="Default suite" finished-at="2025-03-29T09:11:46 IST" duration-ms="48174">
    <groups>
    </groups>
    <test started-at="2025-03-29T09:10:58 IST" name="Default test" finished-at="2025-03-29T09:11:46 IST" duration-ms="48174">
      <class name="com.ShoppersStack_Sagar.TC_001_Verify_user_is_able_to_add_address_or_not">
        <test-method is-config="true" signature="beforeSuite()[pri:0, instance:com.ShoppersStack_Sagar.TC_001_Verify_user_is_able_to_add_address_or_not@6ed3ccb2]" started-at="2025-03-29T09:10:58 IST" name="beforeSuite" finished-at="2025-03-29T09:10:58 IST" duration-ms="27" status="PASS">
          <reporter-output>
          </reporter-output>
        </test-method> <!-- beforeSuite -->
        <test-method is-config="true" signature="beforeTest()[pri:0, instance:com.ShoppersStack_Sagar.TC_001_Verify_user_is_able_to_add_address_or_not@6ed3ccb2]" started-at="2025-03-29T09:10:58 IST" name="beforeTest" finished-at="2025-03-29T09:10:59 IST" duration-ms="765" status="PASS">
          <reporter-output>
          </reporter-output>
        </test-method> <!-- beforeTest -->
        <test-method is-config="true" signature="beforeClass()[pri:0, instance:com.ShoppersStack_Sagar.TC_001_Verify_user_is_able_to_add_address_or_not@6ed3ccb2]" started-at="2025-03-29T09:10:59 IST" name="beforeClass" finished-at="2025-03-29T09:11:14 IST" duration-ms="15508" status="PASS">
          <reporter-output>
          </reporter-output>
        </test-method> <!-- beforeClass -->
        <test-method is-config="true" signature="beforeMethod()[pri:0, instance:com.ShoppersStack_Sagar.TC_001_Verify_user_is_able_to_add_address_or_not@6ed3ccb2]" started-at="2025-03-29T09:11:14 IST" name="beforeMethod" finished-at="2025-03-29T09:11:22 IST" duration-ms="7617" status="PASS">
          <reporter-output>
          </reporter-output>
        </test-method> <!-- beforeMethod -->
        <test-method signature="addAddress()[pri:0, instance:com.ShoppersStack_Sagar.TC_001_Verify_user_is_able_to_add_address_or_not@6ed3ccb2]" started-at="2025-03-29T09:11:22 IST" name="addAddress" finished-at="2025-03-29T09:11:34 IST" duration-ms="12112" status="PASS">
          <reporter-output>
          </reporter-output>
        </test-method> <!-- addAddress -->
        <test-method is-config="true" signature="afterMethod()[pri:0, instance:com.ShoppersStack_Sagar.TC_001_Verify_user_is_able_to_add_address_or_not@6ed3ccb2]" started-at="2025-03-29T09:11:34 IST" name="afterMethod" finished-at="2025-03-29T09:11:35 IST" duration-ms="1110" status="PASS">
          <reporter-output>
          </reporter-output>
        </test-method> <!-- afterMethod -->
        <test-method is-config="true" signature="afterClass()[pri:0, instance:com.ShoppersStack_Sagar.TC_001_Verify_user_is_able_to_add_address_or_not@6ed3ccb2]" started-at="2025-03-29T09:11:35 IST" name="afterClass" finished-at="2025-03-29T09:11:45 IST" duration-ms="10363" status="PASS">
          <reporter-output>
          </reporter-output>
        </test-method> <!-- afterClass -->
        <test-method is-config="true" signature="afterTest()[pri:0, instance:com.ShoppersStack_Sagar.TC_001_Verify_user_is_able_to_add_address_or_not@6ed3ccb2]" started-at="2025-03-29T09:11:45 IST" name="afterTest" finished-at="2025-03-29T09:11:46 IST" duration-ms="601" status="PASS">
          <reporter-output>
          </reporter-output>
        </test-method> <!-- afterTest -->
        <test-method is-config="true" signature="afterSuite()[pri:0, instance:com.ShoppersStack_Sagar.TC_001_Verify_user_is_able_to_add_address_or_not@6ed3ccb2]" started-at="2025-03-29T09:11:46 IST" name="afterSuite" finished-at="2025-03-29T09:11:46 IST" duration-ms="1" status="PASS">
          <reporter-output>
          </reporter-output>
        </test-method> <!-- afterSuite -->
      </class> <!-- com.ShoppersStack_Sagar.TC_001_Verify_user_is_able_to_add_address_or_not -->
    </test> <!-- Default test -->
  </suite> <!-- Default suite -->
</testng-results>
